{"level":"info","time":"2026-06-30T07:21:33Z","message":"Thank you for trying Cloudflare Tunnel. Doing so, without a Cloudflare account, is a quick way to experiment and try it out. However, be aware that these account-less Tunnels have no uptime guarantee, are subject to the Cloudflare Online Services Terms of Use (https://www.cloudflare.com/website-terms/), and Cloudflare reserves the right to investigate your use of Tunnels for violations of such terms. If you intend to use Tunnels in production you should use a pre-created named tunnel by following: https://developers.cloudflare.com/cloudflare-one/connections/connect-apps"}
{"level":"info","time":"2026-06-30T07:21:33Z","message":"Requesting new quick Tunnel on trycloudflare.com..."}
{"level":"info","time":"2026-06-30T07:21:36Z","message":"+--------------------------------------------------------------------------------------------+"}
{"level":"info","time":"2026-06-30T07:21:36Z","message":"|  Your quick Tunnel has been created! Visit it at (it may take some time to be reachable):  |"}
{"level":"info","time":"2026-06-30T07:21:36Z","message":"|  https://split-showed-pos-lenses.trycloudflare.com                                         |"}
{"level":"info","time":"2026-06-30T07:21:36Z","message":"+--------------------------------------------------------------------------------------------+"}
{"level":"info","time":"2026-06-30T07:21:36Z","message":"Cannot determine default configuration path. No file [config.yml config.yaml] in [~/.cloudflared ~/.cloudflare-warp ~/cloudflare-warp]"}
{"level":"info","time":"2026-06-30T07:21:36Z","message":"Version 2026.6.1 (Checksum 5253e66f1f493c4e13539749f1aa86fd0c61e3072900fec29a44ba046a6d97e2)"}
{"level":"info","time":"2026-06-30T07:21:36Z","message":"GOOS: windows, GOVersion: go1.26.4, GoArch: amd64"}
{"level":"info","time":"2026-06-30T07:21:36Z","message":"Settings: map[ha-connections:1 logfile:D:\\fork\\Shoping_Mall\\cloudflared_db.log protocol:quic url:tcp://localhost:5432]"}
{"level":"info","time":"2026-06-30T07:21:36Z","message":"cloudflared will not automatically update on Windows systems."}
{"level":"info","time":"2026-06-30T07:21:36Z","message":"Generated Connector ID: 4b6cf5c6-5f3a-4751-a86c-538e30dbc410"}
{"level":"info","time":"2026-06-30T07:21:36Z","message":"Initial protocol quic"}
{"level":"info","time":"2026-06-30T07:21:36Z","message":"ICMP proxy will use 172.30.1.69 as source for IPv4"}
{"level":"info","time":"2026-06-30T07:21:36Z","message":"ICMP proxy will use fe80::a03:e01e:fa00:2243 in zone 이더넷 as source for IPv6"}
{"level":"info","time":"2026-06-30T07:21:36Z","message":"ICMP proxy will use 172.30.1.69 as source for IPv4"}
{"level":"info","event":0,"ip":"198.41.200.33","connIndex":0,"time":"2026-06-30T07:21:36Z","message":"Tunnel connection curve preferences: [X25519MLKEM768 CurveID(65074) CurveP256]"}
{"level":"info","time":"2026-06-30T07:21:36Z","message":"ICMP proxy will use fe80::a03:e01e:fa00:2243 in zone 이더넷 as source for IPv6"}
{"level":"info","time":"2026-06-30T07:21:36Z","message":"Starting metrics server on 127.0.0.1:20243/metrics"}
{"level":"info","time":"2026-06-30T07:21:36Z","message":"+-------------------------------------------------------------------------------------+"}
{"level":"info","time":"2026-06-30T07:21:36Z","message":"|                               CONNECTIVITY PRE-CHECKS                               |"}
{"level":"info","time":"2026-06-30T07:21:36Z","message":"+-------------------------------------------------------------------------------------+"}
{"level":"info","time":"2026-06-30T07:21:36Z","message":"|  COMPONENT         TARGET                     STATUS  DETAILS                       |"}
{"level":"info","time":"2026-06-30T07:21:36Z","message":"|  DNS Resolution    region1.v2.argotunnel.com  PASS    DNS Resolved successfully     |"}
{"level":"info","time":"2026-06-30T07:21:36Z","message":"|  DNS Resolution    region2.v2.argotunnel.com  PASS    DNS Resolved successfully     |"}
{"level":"info","time":"2026-06-30T07:21:36Z","message":"|  UDP Connectivity  region1.v2.argotunnel.com  PASS    QUIC connection successful    |"}
{"level":"info","time":"2026-06-30T07:21:36Z","message":"|  UDP Connectivity  region2.v2.argotunnel.com  PASS    QUIC connection successful    |"}
{"level":"info","time":"2026-06-30T07:21:36Z","message":"|  TCP Connectivity  region1.v2.argotunnel.com  PASS    HTTP/2 connection successful  |"}
{"level":"info","time":"2026-06-30T07:21:36Z","message":"|  TCP Connectivity  region2.v2.argotunnel.com  PASS    HTTP/2 connection successful  |"}
{"level":"info","time":"2026-06-30T07:21:36Z","message":"|  Cloudflare API    api.cloudflare.com:443     PASS    API is reachable              |"}
{"level":"info","time":"2026-06-30T07:21:36Z","message":"|                                                                                     |"}
{"level":"info","time":"2026-06-30T07:21:36Z","message":"|  SUMMARY: Environment is healthy. cloudflared will use 'quic' as primary protocol.  |"}
{"level":"info","time":"2026-06-30T07:21:36Z","message":"+-------------------------------------------------------------------------------------+"}
{"level":"info","run_id":"fd085562-d114-4a22-be13-5b08dc3d4cb5","component":"DNS Resolution","target":"region1.v2.argotunnel.com","status":"pass","details":"DNS Resolved successfully","time":"2026-06-30T07:21:36Z","message":"precheck"}
{"level":"info","run_id":"fd085562-d114-4a22-be13-5b08dc3d4cb5","component":"DNS Resolution","target":"region2.v2.argotunnel.com","status":"pass","details":"DNS Resolved successfully","time":"2026-06-30T07:21:36Z","message":"precheck"}
{"level":"info","run_id":"fd085562-d114-4a22-be13-5b08dc3d4cb5","component":"UDP Connectivity","target":"region1.v2.argotunnel.com","status":"pass","details":"QUIC connection successful","time":"2026-06-30T07:21:36Z","message":"precheck"}
{"level":"info","run_id":"fd085562-d114-4a22-be13-5b08dc3d4cb5","component":"UDP Connectivity","target":"region2.v2.argotunnel.com","status":"pass","details":"QUIC connection successful","time":"2026-06-30T07:21:36Z","message":"precheck"}
{"level":"info","run_id":"fd085562-d114-4a22-be13-5b08dc3d4cb5","component":"TCP Connectivity","target":"region1.v2.argotunnel.com","status":"pass","details":"HTTP/2 connection successful","time":"2026-06-30T07:21:36Z","message":"precheck"}
{"level":"info","run_id":"fd085562-d114-4a22-be13-5b08dc3d4cb5","component":"TCP Connectivity","target":"region2.v2.argotunnel.com","status":"pass","details":"HTTP/2 connection successful","time":"2026-06-30T07:21:36Z","message":"precheck"}
{"level":"info","run_id":"fd085562-d114-4a22-be13-5b08dc3d4cb5","component":"Cloudflare API","target":"api.cloudflare.com:443","status":"pass","details":"API is reachable","time":"2026-06-30T07:21:36Z","message":"precheck"}
{"level":"info","run_id":"fd085562-d114-4a22-be13-5b08dc3d4cb5","hard_fail":false,"suggested_protocol":"quic","time":"2026-06-30T07:21:36Z","message":"precheck complete"}
{"level":"info","event":0,"connection":"62f23cd2-f35d-4b45-a7e4-c7c1939eff91","connIndex":0,"location":"icn01","ip":"198.41.200.33","protocol":"quic","time":"2026-06-30T07:21:36Z","message":"Registered tunnel connection"}
